<?xml version="1.0" encoding="UTF-8"?>
<!-- Generated by org.testng.reporters.JUnitReportReporter -->
<testsuite hostname="ENCLTL007" failures="0" tests="1" name="restAssuredFramework.TC002_PostRequest" time="3.646" errors="0" timestamp="2021-09-12T21:57:46 IST" skipped="0">
  <testcase classname="restAssuredFramework.TC002_PostRequest" name="postRegistrationSuccessful" time="3.646"/>
  <system-out/>
</testsuite> <!-- restAssuredFramework.TC002_PostRequest -->
