<?xml version="1.0" encoding="UTF-8"?>
<!-- Generated by org.testng.reporters.JUnitReportReporter -->
<testsuite hostname="ENCLTL007" failures="0" tests="1" name="restAssuredFramework.TC001_GetRequest" time="4.464" errors="0" timestamp="2021-09-15T19:56:53 IST" skipped="0">
  <testcase classname="restAssuredFramework.TC001_GetRequest" name="getCircuitDetails" time="4.464"/>
  <system-out/>
</testsuite> <!-- restAssuredFramework.TC001_GetRequest -->
