<?xml version="1.0" encoding="UTF-8"?>
<!-- Generated by org.testng.reporters.JUnitReportReporter -->
<testsuite hostname="ENCLTL007" failures="0" tests="1" name="restAssuredFramework.TC003_GetRequest" time="3.560" errors="0" timestamp="2021-09-12T21:51:34 IST" skipped="0">
  <testcase classname="restAssuredFramework.TC003_GetRequest" name="GoogleMapTest" time="3.560"/>
  <system-out/>
</testsuite> <!-- restAssuredFramework.TC003_GetRequest -->
